[0mGET /js/post-comments.js [33m404[0m 759.468 ms - 158[0m
[0mGET /js/post-comments.js [33m404[0m 7.290 ms - 158[0m
[0mGET / [32m200[0m 4603.524 ms - 4961[0m
[0mGET /favicon.ico [33m404[0m 47.122 ms - 150[0m
[0mGET /users/profile/64e0df0395d39310d8488c08 [36m302[0m 100.056 ms - 70[0m
[0mGET /user/sign-in [33m404[0m 6.332 ms - 151[0m
[0mGET /js/post-comments.js [33m404[0m 8.932 ms - 158[0m
[0mGET /users/sign-in [32m200[0m 74.071 ms - 1680[0m
[0mGET /users/profile/64e0df4295d39310d8488c2e [36m302[0m 5.373 ms - 70[0m
[0mGET /user/sign-in [33m404[0m 3.097 ms - 151[0m
[0mGET /users/sign-up [32m200[0m 22.178 ms - 1836[0m
[0mGET /users/sign-in [36m304[0m 8.520 ms - -[0m
[0mPOST /users/create-session [0m-[0m - ms - -[0m
[0mPOST /users/create-session [36m302[0m 2838.215 ms - 46[0m
[0mGET / [32m200[0m 46.631 ms - 7336[0m
[0mGET /js/post-comments.js [33m404[0m 14.523 ms - 158[0m
[0mGET /js/post-comments.js [33m404[0m 7.081 ms - 158[0m
[0mPOST /likes/toggle/?id=64e0df1895d39310d8488c1a&type=Comment [32m200[0m 228.011 ms - 58[0m
[0mGET / [32m200[0m 43.890 ms - 7066[0m
[0mGET /js/post-comments.js [33m404[0m 9.754 ms - 158[0m
[0mGET /js/post-comments.js [33m404[0m 7.299 ms - 158[0m
[0mGET /favicon.ico [33m404[0m 8.599 ms - 150[0m
[0mGET /users/profile [33m404[0m 9.732 ms - 152[0m
[0mGET /js/post-comments.js [33m404[0m 10.221 ms - 158[0m
[0mGET /users/profile/64e0df4295d39310d8488c2e [32m200[0m 463.856 ms - 1969[0m
[0mGET /users/profile/64e0df0395d39310d8488c08 [32m200[0m 11.928 ms - 1525[0m
[0mPOST /posts/create [32m200[0m 138.668 ms - 244[0m
[0mPOST /likes/toggle/?id=6507289f5ea48441883920c2&type=Post [32m200[0m 21.616 ms - 58[0m
